<?xml version="1.0" encoding="UTF-8"?>
<testsuite name="com.testCases.Test1" tests="1" skipped="0" failures="0" errors="0" timestamp="2020-10-24T10:06:00" hostname="Prarthan-HP" time="0.004">
  <properties/>
  <testcase name="testCase1" classname="com.testCases.Test1" time="0.004"/>
  <system-out><![CDATA[Hello World
]]></system-out>
  <system-err><![CDATA[]]></system-err>
</testsuite>
