<?xml version="1.0" encoding="UTF-8"?>
<testsuite name="com.testCases.Test2" tests="1" skipped="0" failures="0" errors="0" timestamp="2020-10-24T11:27:11" hostname="Prarthan-HP" time="0.001">
  <properties/>
  <testcase name="testCase1" classname="com.testCases.Test2" time="0.001"/>
  <system-out><![CDATA[Hello World
]]></system-out>
  <system-err><![CDATA[]]></system-err>
</testsuite>
